{
  "numFailedTestSuites": 1,
  "numFailedTests": 0,
  "numPassedTestSuites": 0,
  "numPassedTests": 0,
  "numPendingTestSuites": 0,
  "numPendingTests": 0,
  "numRuntimeErrorTestSuites": 1,
  "numTodoTests": 0,
  "numTotalTestSuites": 1,
  "numTotalTests": 0,
  "openHandles": [],
  "snapshot": {
    "added": 0,
    "didUpdate": false,
    "failure": false,
    "filesAdded": 0,
    "filesRemoved": 0,
    "filesRemovedList": [],
    "filesUnmatched": 0,
    "filesUpdated": 0,
    "matched": 0,
    "total": 0,
    "unchecked": 0,
    "uncheckedKeysByFile": [],
    "unmatched": 0,
    "updated": 0
  },
  "startTime": 1690274970060,
  "success": false,
  "testResults": [
    {
      "failureMessage": "  \u001b[1m● \u001b[22mTest suite failed to run\n\n    Cannot find module './lib/performance'\n    Require stack:\n    - /Users/naufalpry/API-REST/node_modules/w3c-hr-time/index.js\n    - /Users/naufalpry/API-REST/node_modules/jsdom/lib/jsdom/browser/Window.js\n    - /Users/naufalpry/API-REST/node_modules/jsdom/lib/api.js\n    - /Users/naufalpry/API-REST/node_modules/jest-environment-jsdom/build/index.js\n    - /Users/naufalpry/API-REST/node_modules/jest-runner/build/runTest.js\n    - /Users/naufalpry/API-REST/node_modules/jest-runner/build/index.js\n    - /Users/naufalpry/API-REST/node_modules/@jest/core/build/TestScheduler.js\n    - /Users/naufalpry/API-REST/node_modules/@jest/core/build/jest.js\n    - /Users/naufalpry/API-REST/node_modules/jest/node_modules/jest-cli/build/cli/index.js\n    - /Users/naufalpry/API-REST/node_modules/jest/node_modules/jest-cli/bin/jest.js\n    - /Users/naufalpry/API-REST/node_modules/jest/bin/jest.js\n\n      \u001b[2mat Object.<anonymous> (\u001b[22mnode_modules/w3c-hr-time/index.js\u001b[2m:4:25)\u001b[22m\n",
      "leaks": false,
      "numFailingTests": 0,
      "numPassingTests": 0,
      "numPendingTests": 0,
      "numTodoTests": 0,
      "openHandles": [],
      "perfStats": {
        "end": 0,
        "runtime": 0,
        "slow": false,
        "start": 0
      },
      "skipped": false,
      "snapshot": {
        "added": 0,
        "fileDeleted": false,
        "matched": 0,
        "unchecked": 0,
        "uncheckedKeys": [],
        "unmatched": 0,
        "updated": 0
      },
      "testExecError": {
        "code": "MODULE_NOT_FOUND",
        "requireStack": [
          "/Users/naufalpry/API-REST/node_modules/w3c-hr-time/index.js",
          "/Users/naufalpry/API-REST/node_modules/jsdom/lib/jsdom/browser/Window.js",
          "/Users/naufalpry/API-REST/node_modules/jsdom/lib/api.js",
          "/Users/naufalpry/API-REST/node_modules/jest-environment-jsdom/build/index.js",
          "/Users/naufalpry/API-REST/node_modules/jest-runner/build/runTest.js",
          "/Users/naufalpry/API-REST/node_modules/jest-runner/build/index.js",
          "/Users/naufalpry/API-REST/node_modules/@jest/core/build/TestScheduler.js",
          "/Users/naufalpry/API-REST/node_modules/@jest/core/build/jest.js",
          "/Users/naufalpry/API-REST/node_modules/jest/node_modules/jest-cli/build/cli/index.js",
          "/Users/naufalpry/API-REST/node_modules/jest/node_modules/jest-cli/bin/jest.js",
          "/Users/naufalpry/API-REST/node_modules/jest/bin/jest.js"
        ]
      },
      "testFilePath": "/Users/naufalpry/API-REST/test/api/apiRest.test.js",
      "testResults": []
    }
  ],
  "wasInterrupted": false
}